<?xml version="1.0" encoding="UTF-8"?>
<testng-results ignored="0" total="1" passed="0" failed="1" skipped="0">
  <reporter-output>
    <line>
      <![CDATA[[[ChromeDriver: chrome on WINDOWS (c0bbd13a0a7066fc1d514257d48548a3)] -> xpath: //a[@class='footer-search']] ---> This element has been clicked<br>]]>
    </line>
    <line>
      <![CDATA[account : This values has been passed into ---> [[ChromeDriver: chrome on WINDOWS (c0bbd13a0a7066fc1d514257d48548a3)] -> xpath: //input[@class='search-results-input animateInput']]<br>]]>
    </line>
    <line>
      <![CDATA[[[ChromeDriver: chrome on WINDOWS (c0bbd13a0a7066fc1d514257d48548a3)] -> class name: search-results-icon-magnifying-glass-image] ---> This element has been clicked<br>]]>
    </line>
    <line>
      <![CDATA[Proxy element for: DefaultElementLocator 'By.xpath: //a[@href='https://www3.mtb.com/personal/personal-banking/checking-accounts-mandt-bank/how-to-manage-your-checking-account']' ---> This element has been clicked<br>]]>
    </line>
  </reporter-output>
  <suite started-at="2022-08-07T19:51:49 EDT" name="search.SearchTest" finished-at="2022-08-07T19:52:15 EDT" duration-ms="26141">
    <groups>
    </groups>
    <test started-at="2022-08-07T19:51:49 EDT" name="Command line test" finished-at="2022-08-07T19:52:15 EDT" duration-ms="26141">
      <class name="search.SearchTest">
        <test-method is-config="true" signature="setUp()[pri:0, instance:search.SearchTest@74f0ea28]" started-at="2022-08-07T19:51:49 EDT" name="setUp" finished-at="2022-08-07T19:51:54 EDT" duration-ms="5611" status="PASS">
          <reporter-output>
          </reporter-output>
        </test-method> <!-- setUp -->
        <test-method signature="searchField()[pri:0, instance:search.SearchTest@74f0ea28]" started-at="2022-08-07T19:51:54 EDT" name="searchField" finished-at="2022-08-07T19:52:15 EDT" duration-ms="20366" status="FAIL">
          <exception class="org.openqa.selenium.NoSuchWindowException">
            <message>
              <![CDATA[no such window: target window already closed
from unknown error: web view not found
  (Session info: chrome=104.0.5112.80)
Build info: version: '4.3.0', revision: 'a4995e2c09*'
System info: host: 'RAYHAN', ip: '192.168.1.167', os.name: 'Windows 11', os.arch: 'amd64', os.version: '10.0', java.version: '17.0.2'
Driver info: org.openqa.selenium.chrome.ChromeDriver
Command: [c0bbd13a0a7066fc1d514257d48548a3, findElement {using=xpath, value=//a[@href='/personal/personal-banking/checking-accounts-mandt-bank/how-to-manage-your-checking-account/how-to-make-a-bank-account-deposit']}]
Capabilities {acceptInsecureCerts: false, browserName: chrome, browserVersion: 104.0.5112.80, chrome: {chromedriverVersion: 104.0.5112.79 (3cf3e8c8a07d..., userDataDir: C:\Users\imray\AppData\Loca...}, goog:chromeOptions: {debuggerAddress: localhost:61712}, networkConnectionEnabled: false, pageLoadStrategy: normal, platformName: WINDOWS, proxy: Proxy(), se:cdp: ws://localhost:61712/devtoo..., se:cdpVersion: 104.0.5112.80, setWindowRect: true, strictFileInteractability: false, timeouts: {implicit: 0, pageLoad: 300000, script: 30000}, unhandledPromptBehavior: dismiss and notify, webauthn:extension:credBlob: true, webauthn:extension:largeBlob: true, webauthn:virtualAuthenticators: true}
Session ID: c0bbd13a0a7066fc1d514257d48548a3]]>
            </message>
            <full-stacktrace>
              <![CDATA[org.openqa.selenium.NoSuchWindowException: no such window: target window already closed
from unknown error: web view not found
  (Session info: chrome=104.0.5112.80)
Build info: version: '4.3.0', revision: 'a4995e2c09*'
System info: host: 'RAYHAN', ip: '192.168.1.167', os.name: 'Windows 11', os.arch: 'amd64', os.version: '10.0', java.version: '17.0.2'
Driver info: org.openqa.selenium.chrome.ChromeDriver
Command: [c0bbd13a0a7066fc1d514257d48548a3, findElement {using=xpath, value=//a[@href='/personal/personal-banking/checking-accounts-mandt-bank/how-to-manage-your-checking-account/how-to-make-a-bank-account-deposit']}]
Capabilities {acceptInsecureCerts: false, browserName: chrome, browserVersion: 104.0.5112.80, chrome: {chromedriverVersion: 104.0.5112.79 (3cf3e8c8a07d..., userDataDir: C:\Users\imray\AppData\Loca...}, goog:chromeOptions: {debuggerAddress: localhost:61712}, networkConnectionEnabled: false, pageLoadStrategy: normal, platformName: WINDOWS, proxy: Proxy(), se:cdp: ws://localhost:61712/devtoo..., se:cdpVersion: 104.0.5112.80, setWindowRect: true, strictFileInteractability: false, timeouts: {implicit: 0, pageLoad: 300000, script: 30000}, unhandledPromptBehavior: dismiss and notify, webauthn:extension:credBlob: true, webauthn:extension:largeBlob: true, webauthn:virtualAuthenticators: true}
Session ID: c0bbd13a0a7066fc1d514257d48548a3
at java.base/jdk.internal.reflect.NativeConstructorAccessorImpl.newInstance0(Native Method)
at java.base/jdk.internal.reflect.NativeConstructorAccessorImpl.newInstance(NativeConstructorAccessorImpl.java:77)
at java.base/jdk.internal.reflect.DelegatingConstructorAccessorImpl.newInstance(DelegatingConstructorAccessorImpl.java:45)
at java.base/java.lang.reflect.Constructor.newInstanceWithCaller(Constructor.java:499)
at java.base/java.lang.reflect.Constructor.newInstance(Constructor.java:480)
at org.openqa.selenium.remote.codec.w3c.W3CHttpResponseCodec.createException(W3CHttpResponseCodec.java:200)
at org.openqa.selenium.remote.codec.w3c.W3CHttpResponseCodec.decode(W3CHttpResponseCodec.java:133)
at org.openqa.selenium.remote.codec.w3c.W3CHttpResponseCodec.decode(W3CHttpResponseCodec.java:53)
at org.openqa.selenium.remote.HttpCommandExecutor.execute(HttpCommandExecutor.java:184)
at org.openqa.selenium.remote.service.DriverCommandExecutor.invokeExecute(DriverCommandExecutor.java:167)
at org.openqa.selenium.remote.service.DriverCommandExecutor.execute(DriverCommandExecutor.java:142)
at org.openqa.selenium.remote.RemoteWebDriver.execute(RemoteWebDriver.java:569)
at org.openqa.selenium.remote.ElementLocation$ElementFinder$2.findElement(ElementLocation.java:162)
at org.openqa.selenium.remote.ElementLocation.findElement(ElementLocation.java:60)
at org.openqa.selenium.remote.RemoteWebDriver.findElement(RemoteWebDriver.java:387)
at org.openqa.selenium.remote.RemoteWebDriver.findElement(RemoteWebDriver.java:379)
at org.openqa.selenium.support.pagefactory.DefaultElementLocator.findElement(DefaultElementLocator.java:70)
at org.openqa.selenium.support.pagefactory.internal.LocatingElementHandler.invoke(LocatingElementHandler.java:39)
at jdk.proxy2/jdk.proxy2.$Proxy13.toString(Unknown Source)
at java.base/java.lang.String.valueOf(String.java:4215)
at java.base/java.lang.StringBuilder.append(StringBuilder.java:173)
at common.Commons.click(Commons.java:28)
at objects.HomePage.manageDeposit(HomePage.java:117)
at objects.HomePage.searchsteps(HomePage.java:155)
at search.SearchTest.searchField(SearchTest.java:10)
at java.base/jdk.internal.reflect.NativeMethodAccessorImpl.invoke0(Native Method)
at java.base/jdk.internal.reflect.NativeMethodAccessorImpl.invoke(NativeMethodAccessorImpl.java:77)
at java.base/jdk.internal.reflect.DelegatingMethodAccessorImpl.invoke(DelegatingMethodAccessorImpl.java:43)
at java.base/java.lang.reflect.Method.invoke(Method.java:568)
at org.testng.internal.MethodInvocationHelper.invokeMethod(MethodInvocationHelper.java:134)
at org.testng.internal.TestInvoker.invokeMethod(TestInvoker.java:597)
at org.testng.internal.TestInvoker.invokeTestMethod(TestInvoker.java:173)
at org.testng.internal.MethodRunner.runInSequence(MethodRunner.java:46)
at org.testng.internal.TestInvoker$MethodInvocationAgent.invoke(TestInvoker.java:816)
at org.testng.internal.TestInvoker.invokeTestMethods(TestInvoker.java:146)
at org.testng.internal.TestMethodWorker.invokeTestMethods(TestMethodWorker.java:146)
at org.testng.internal.TestMethodWorker.run(TestMethodWorker.java:128)
at java.base/java.util.ArrayList.forEach(ArrayList.java:1511)
at org.testng.TestRunner.privateRun(TestRunner.java:766)
at org.testng.TestRunner.run(TestRunner.java:587)
at org.testng.SuiteRunner.runTest(SuiteRunner.java:384)
at org.testng.SuiteRunner.runSequentially(SuiteRunner.java:378)
at org.testng.SuiteRunner.privateRun(SuiteRunner.java:337)
at org.testng.SuiteRunner.run(SuiteRunner.java:286)
at org.testng.SuiteRunnerWorker.runSuite(SuiteRunnerWorker.java:53)
at org.testng.SuiteRunnerWorker.run(SuiteRunnerWorker.java:96)
at org.testng.TestNG.runSuitesSequentially(TestNG.java:1187)
at org.testng.TestNG.runSuitesLocally(TestNG.java:1109)
at org.testng.TestNG.runSuites(TestNG.java:1039)
at org.testng.TestNG.run(TestNG.java:1007)
at org.apache.maven.surefire.testng.TestNGExecutor.run(TestNGExecutor.java:77)
at org.apache.maven.surefire.testng.TestNGDirectoryTestSuite.execute(TestNGDirectoryTestSuite.java:110)
at org.apache.maven.surefire.testng.TestNGProvider.invoke(TestNGProvider.java:106)
at java.base/jdk.internal.reflect.NativeMethodAccessorImpl.invoke0(Native Method)
at java.base/jdk.internal.reflect.NativeMethodAccessorImpl.invoke(NativeMethodAccessorImpl.java:77)
at java.base/jdk.internal.reflect.DelegatingMethodAccessorImpl.invoke(DelegatingMethodAccessorImpl.java:43)
at java.base/java.lang.reflect.Method.invoke(Method.java:568)
at org.apache.maven.surefire.util.ReflectionUtils.invokeMethodWithArray(ReflectionUtils.java:189)
at org.apache.maven.surefire.booter.ProviderFactory$ProviderProxy.invoke(ProviderFactory.java:165)
at org.apache.maven.surefire.booter.ProviderFactory.invokeProvider(ProviderFactory.java:85)
at org.apache.maven.surefire.booter.ForkedBooter.runSuitesInProcess(ForkedBooter.java:115)
at org.apache.maven.surefire.booter.ForkedBooter.main(ForkedBooter.java:75)
]]>
            </full-stacktrace>
          </exception> <!-- org.openqa.selenium.NoSuchWindowException -->
          <reporter-output>
            <line>
              <![CDATA[[[ChromeDriver: chrome on WINDOWS (c0bbd13a0a7066fc1d514257d48548a3)] -> xpath: //a[@class='footer-search']] ---> This element has been clicked<br>]]>
            </line>
            <line>
              <![CDATA[account : This values has been passed into ---> [[ChromeDriver: chrome on WINDOWS (c0bbd13a0a7066fc1d514257d48548a3)] -> xpath: //input[@class='search-results-input animateInput']]<br>]]>
            </line>
            <line>
              <![CDATA[[[ChromeDriver: chrome on WINDOWS (c0bbd13a0a7066fc1d514257d48548a3)] -> class name: search-results-icon-magnifying-glass-image] ---> This element has been clicked<br>]]>
            </line>
            <line>
              <![CDATA[Proxy element for: DefaultElementLocator 'By.xpath: //a[@href='https://www3.mtb.com/personal/personal-banking/checking-accounts-mandt-bank/how-to-manage-your-checking-account']' ---> This element has been clicked<br>]]>
            </line>
          </reporter-output>
        </test-method> <!-- searchField -->
        <test-method is-config="true" signature="terminate()[pri:0, instance:search.SearchTest@74f0ea28]" started-at="2022-08-07T19:52:15 EDT" name="terminate" finished-at="2022-08-07T19:52:15 EDT" duration-ms="135" status="PASS">
          <reporter-output>
          </reporter-output>
        </test-method> <!-- terminate -->
      </class> <!-- search.SearchTest -->
    </test> <!-- Command line test -->
  </suite> <!-- search.SearchTest -->
</testng-results>
