<?xml version="1.0" encoding="UTF-8"?>
<testng-results ignored="0" total="2" passed="2" failed="0" skipped="0">
  <reporter-output>
    <line>
      <![CDATA[Proxy element for: DefaultElementLocator 'By.xpath: //a[@class='header-link -login']' ---> This element has been clicked<br>]]>
    </line>
    <line>
      <![CDATA[Proxy element for: DefaultElementLocator 'By.xpath: //a[text()='Enroll in M&T Online Banking']' ---> This element has been clicked<br>]]>
    </line>
    <line>
      <![CDATA[Proxy element for: DefaultElementLocator 'By.xpath: (//span[@class='button m-icon m-icon-arrowright' and @aria-hidden='true']) [1]' ---> This element has been clicked<br>]]>
    </line>
    <line>
      <![CDATA[123 : This values has been passed into ---> [[ChromeDriver: chrome on WINDOWS (625b81535877cdefa6e45bb43158baf2)] -> xpath: //input[@class='input-group-field js-canShowHide js-formnputItem input-group__hide-button-on-focus js-keeponclear']]<br>]]>
    </line>
    <line>
      <![CDATA[123456 : This values has been passed into ---> [[ChromeDriver: chrome on WINDOWS (625b81535877cdefa6e45bb43158baf2)] -> xpath: //input[@placeholder='000-00-0000']]<br>]]>
    </line>
    <line>
      <![CDATA[09/01/99 : This values has been passed into ---> [[ChromeDriver: chrome on WINDOWS (625b81535877cdefa6e45bb43158baf2)] -> xpath: //input[@placeholder='MM/DD/YYYY']]<br>]]>
    </line>
    <line>
      <![CDATA[[[ChromeDriver: chrome on WINDOWS (625b81535877cdefa6e45bb43158baf2)] -> xpath: //button[@class='button button__form js-submit']] ---> This element has been clicked<br>]]>
    </line>
    <line>
      <![CDATA[[[ChromeDriver: chrome on WINDOWS (ef57707d5bba6653e2e70983ca7bfd8e)] -> xpath: //a[@class='footer-search']] ---> This element has been clicked<br>]]>
    </line>
    <line>
      <![CDATA[account : This values has been passed into ---> [[ChromeDriver: chrome on WINDOWS (ef57707d5bba6653e2e70983ca7bfd8e)] -> xpath: //input[@class='search-results-input animateInput']]<br>]]>
    </line>
    <line>
      <![CDATA[[[ChromeDriver: chrome on WINDOWS (ef57707d5bba6653e2e70983ca7bfd8e)] -> class name: search-results-icon-magnifying-glass-image] ---> This element has been clicked<br>]]>
    </line>
    <line>
      <![CDATA[Proxy element for: DefaultElementLocator 'By.xpath: //a[@href='https://www3.mtb.com/personal/personal-banking/checking-accounts-mandt-bank/how-to-manage-your-checking-account']' ---> This element has been clicked<br>]]>
    </line>
    <line>
      <![CDATA[Proxy element for: DefaultElementLocator 'By.xpath: //a[@href='/personal/personal-banking/checking-accounts-mandt-bank/how-to-manage-your-checking-account/how-to-make-a-bank-account-deposit']' ---> This element has been clicked<br>]]>
    </line>
  </reporter-output>
  <suite started-at="2022-08-01T20:41:48 EDT" name="Suite" finished-at="2022-08-01T20:43:26 EDT" duration-ms="97825">
    <groups>
    </groups>
    <test started-at="2022-08-01T20:41:48 EDT" name="Test" finished-at="2022-08-01T20:43:26 EDT" duration-ms="97825">
      <class name="com.mtb.qa.test.AutoClass">
        <test-method is-config="true" signature="setUp()[pri:0, instance:com.mtb.qa.test.AutoClass@1b6e1eff]" started-at="2022-08-01T20:41:48 EDT" name="setUp" finished-at="2022-08-01T20:41:55 EDT" duration-ms="6834" status="PASS">
          <reporter-output>
          </reporter-output>
        </test-method> <!-- setUp -->
        <test-method signature="homepageSteps()[pri:0, instance:com.mtb.qa.test.AutoClass@1b6e1eff]" started-at="2022-08-01T20:41:55 EDT" name="homepageSteps" finished-at="2022-08-01T20:42:42 EDT" duration-ms="46566" status="PASS">
          <reporter-output>
            <line>
              <![CDATA[Proxy element for: DefaultElementLocator 'By.xpath: //a[@class='header-link -login']' ---> This element has been clicked<br>]]>
            </line>
            <line>
              <![CDATA[Proxy element for: DefaultElementLocator 'By.xpath: //a[text()='Enroll in M&T Online Banking']' ---> This element has been clicked<br>]]>
            </line>
            <line>
              <![CDATA[Proxy element for: DefaultElementLocator 'By.xpath: (//span[@class='button m-icon m-icon-arrowright' and @aria-hidden='true']) [1]' ---> This element has been clicked<br>]]>
            </line>
            <line>
              <![CDATA[123 : This values has been passed into ---> [[ChromeDriver: chrome on WINDOWS (625b81535877cdefa6e45bb43158baf2)] -> xpath: //input[@class='input-group-field js-canShowHide js-formnputItem input-group__hide-button-on-focus js-keeponclear']]<br>]]>
            </line>
            <line>
              <![CDATA[123456 : This values has been passed into ---> [[ChromeDriver: chrome on WINDOWS (625b81535877cdefa6e45bb43158baf2)] -> xpath: //input[@placeholder='000-00-0000']]<br>]]>
            </line>
            <line>
              <![CDATA[09/01/99 : This values has been passed into ---> [[ChromeDriver: chrome on WINDOWS (625b81535877cdefa6e45bb43158baf2)] -> xpath: //input[@placeholder='MM/DD/YYYY']]<br>]]>
            </line>
            <line>
              <![CDATA[[[ChromeDriver: chrome on WINDOWS (625b81535877cdefa6e45bb43158baf2)] -> xpath: //button[@class='button button__form js-submit']] ---> This element has been clicked<br>]]>
            </line>
          </reporter-output>
        </test-method> <!-- homepageSteps -->
        <test-method is-config="true" signature="terminate()[pri:0, instance:com.mtb.qa.test.AutoClass@1b6e1eff]" started-at="2022-08-01T20:42:42 EDT" name="terminate" finished-at="2022-08-01T20:42:42 EDT" duration-ms="0" status="PASS">
          <reporter-output>
          </reporter-output>
        </test-method> <!-- terminate -->
      </class> <!-- com.mtb.qa.test.AutoClass -->
      <class name="search.SearchTest">
        <test-method is-config="true" signature="setUp()[pri:0, instance:search.SearchTest@306f16f3]" started-at="2022-08-01T20:42:42 EDT" name="setUp" finished-at="2022-08-01T20:42:47 EDT" duration-ms="5076" status="PASS">
          <reporter-output>
          </reporter-output>
        </test-method> <!-- setUp -->
        <test-method signature="searchField()[pri:0, instance:search.SearchTest@306f16f3]" started-at="2022-08-01T20:42:47 EDT" name="searchField" finished-at="2022-08-01T20:43:26 EDT" duration-ms="39318" status="PASS">
          <reporter-output>
            <line>
              <![CDATA[[[ChromeDriver: chrome on WINDOWS (ef57707d5bba6653e2e70983ca7bfd8e)] -> xpath: //a[@class='footer-search']] ---> This element has been clicked<br>]]>
            </line>
            <line>
              <![CDATA[account : This values has been passed into ---> [[ChromeDriver: chrome on WINDOWS (ef57707d5bba6653e2e70983ca7bfd8e)] -> xpath: //input[@class='search-results-input animateInput']]<br>]]>
            </line>
            <line>
              <![CDATA[[[ChromeDriver: chrome on WINDOWS (ef57707d5bba6653e2e70983ca7bfd8e)] -> class name: search-results-icon-magnifying-glass-image] ---> This element has been clicked<br>]]>
            </line>
            <line>
              <![CDATA[Proxy element for: DefaultElementLocator 'By.xpath: //a[@href='https://www3.mtb.com/personal/personal-banking/checking-accounts-mandt-bank/how-to-manage-your-checking-account']' ---> This element has been clicked<br>]]>
            </line>
            <line>
              <![CDATA[Proxy element for: DefaultElementLocator 'By.xpath: //a[@href='/personal/personal-banking/checking-accounts-mandt-bank/how-to-manage-your-checking-account/how-to-make-a-bank-account-deposit']' ---> This element has been clicked<br>]]>
            </line>
          </reporter-output>
        </test-method> <!-- searchField -->
        <test-method is-config="true" signature="terminate()[pri:0, instance:search.SearchTest@306f16f3]" started-at="2022-08-01T20:43:26 EDT" name="terminate" finished-at="2022-08-01T20:43:26 EDT" duration-ms="1" status="PASS">
          <reporter-output>
          </reporter-output>
        </test-method> <!-- terminate -->
      </class> <!-- search.SearchTest -->
    </test> <!-- Test -->
  </suite> <!-- Suite -->
</testng-results>
